#
# There is insufficient memory for the Java Runtime Environment to continue.
# Native memory allocation (malloc) failed to allocate 64016 bytes. Error detail: Chunk::new
# Possible reasons:
#   The system is out of physical RAM or swap space
#   This process is running with CompressedOops enabled, and the Java Heap may be blocking the growth of the native heap
# Possible solutions:
#   Reduce memory load on the system
#   Increase physical memory or swap space
#   Check if swap backing store is full
#   Decrease Java heap size (-Xmx/-Xms)
#   Decrease number of Java threads
#   Decrease Java thread stack sizes (-Xss)
#   Set larger code cache with -XX:ReservedCodeCacheSize=
#   JVM is running with Unscaled Compressed Oops mode in which the Java heap is
#     placed in the first 4GB address space. The Java Heap base address is the
#     maximum limit for the native heap growth. Please use -XX:HeapBaseMinAddress
#     to set the Java Heap base and to place the Java Heap above 4GB virtual address.
# This output file may be truncated or incomplete.
#
#  Out of Memory Error (arena.cpp:168), pid=19512, tid=26900
#
# JRE version: OpenJDK Runtime Environment Temurin-21.0.10+7 (21.0.10+7) (build 21.0.10+7-LTS)
# Java VM: OpenJDK 64-Bit Server VM Temurin-21.0.10+7 (21.0.10+7-LTS, mixed mode, sharing, tiered, compressed oops, compressed class ptrs, parallel gc, windows-amd64)
# No core dump will be written. Minidumps are not enabled by default on client versions of Windows
#

---------------  S U M M A R Y ------------

Command Line: --add-modules=ALL-SYSTEM --add-opens=java.base/java.util=ALL-UNNAMED --add-opens=java.base/java.lang=ALL-UNNAMED --add-opens=java.base/sun.nio.fs=ALL-UNNAMED -Declipse.application=org.eclipse.jdt.ls.core.id1 -Dosgi.bundles.defaultStartLevel=4 -Declipse.product=org.eclipse.jdt.ls.core.product -Djava.import.generatesMetadataFilesAtProjectRoot=false -DDetectVMInstallationsJob.disabled=true -Dfile.encoding=utf8 -XX:+UseParallelGC -XX:GCTimeRatio=4 -XX:AdaptiveSizePolicyWeight=90 -Dsun.zip.disableMemoryMapping=true -Xmx2G -Xms100m -Xlog:disable -javaagent:c:\Users\Mayur\.vscode\extensions\redhat.java-1.54.0-win32-x64\lombok\lombok-1.18.39-4050.jar c:\Users\Mayur\.vscode\extensions\redhat.java-1.54.0-win32-x64\server\plugins\org.eclipse.equinox.launcher_1.7.100.v20251111-0406.jar -configuration c:\Users\Mayur\AppData\Roaming\Code\User\globalStorage\redhat.java\1.54.0\config_ss_win -data c:\Users\Mayur\AppData\Roaming\Code\User\workspaceStorage\2fb7e5749334ab5e897afd4d4fde6b4e\redhat.java\ss_ws --pipe=\\.\pipe\lsp-dc166b8b87297938d02be93b53adf831-sock

Host: 12th Gen Intel(R) Core(TM) i3-1215U, 8 cores, 7G,  Windows 11 , 64 bit Build 26100 (10.0.26100.8328)
Time: Tue May 26 16:33:32 2026 India Standard Time elapsed time: 1.461449 seconds (0d 0h 0m 1s)

---------------  T H R E A D  ---------------

Current thread (0x000001bc6506ec40):  JavaThread "C2 CompilerThread1" daemon [_thread_in_native, id=26900, stack(0x000000551d500000,0x000000551d600000) (1024K)]


Current CompileTask:
C2:1461  948       4       java.util.jar.Manifest$FastInputStream::readLine (296 bytes)

Stack: [0x000000551d500000,0x000000551d600000]
Native frames: (J=compiled Java code, j=interpreted, Vv=VM code, C=native code)
V  [jvm.dll+0x6d7a39]
V  [jvm.dll+0x8b4b26]
V  [jvm.dll+0x8b70de]
V  [jvm.dll+0x8b77c3]
V  [jvm.dll+0x284346]
V  [jvm.dll+0xc66ed]
V  [jvm.dll+0xc6c31]
V  [jvm.dll+0x2fb29e]
V  [jvm.dll+0x5fe884]
V  [jvm.dll+0x255b17]
V  [jvm.dll+0x24e12a]
V  [jvm.dll+0x24ba42]
V  [jvm.dll+0x1cb34e]
V  [jvm.dll+0x25b85d]
V  [jvm.dll+0x259dea]
V  [jvm.dll+0x3f857e]
V  [jvm.dll+0x85f59d]
V  [jvm.dll+0x6d626d]
C  [ucrtbase.dll+0x37b0]
C  [KERNEL32.DLL+0x2e957]
C  [ntdll.dll+0x427c]


---------------  P R O C E S S  ---------------

Threads class SMR info:
_java_thread_list=0x000001bc609b2d90, length=13, elements={
0x000001bc484ec5b0, 0x000001bc485ab600, 0x000001bc485ac4c0, 0x000001bc5ef72c20,
0x000001bc5ef72590, 0x000001bc5ef732b0, 0x000001bc5ef73940, 0x000001bc5ef7fe20,
0x000001bc5ef80d80, 0x000001bc5ef74660, 0x000001bc5ef71f00, 0x000001bc6506ec40,
0x000001bc650b8920
}

Java Threads: ( => current thread )
  0x000001bc484ec5b0 JavaThread "main"                              [_thread_in_Java, id=19836, stack(0x000000551c900000,0x000000551ca00000) (1024K)]
  0x000001bc485ab600 JavaThread "Reference Handler"          daemon [_thread_blocked, id=17932, stack(0x000000551cd00000,0x000000551ce00000) (1024K)]
  0x000001bc485ac4c0 JavaThread "Finalizer"                  daemon [_thread_blocked, id=9784, stack(0x000000551ce00000,0x000000551cf00000) (1024K)]
  0x000001bc5ef72c20 JavaThread "Signal Dispatcher"          daemon [_thread_blocked, id=4792, stack(0x000000551cf00000,0x000000551d000000) (1024K)]
  0x000001bc5ef72590 JavaThread "Attach Listener"            daemon [_thread_blocked, id=3744, stack(0x000000551d000000,0x000000551d100000) (1024K)]
  0x000001bc5ef732b0 JavaThread "Service Thread"             daemon [_thread_blocked, id=26548, stack(0x000000551d100000,0x000000551d200000) (1024K)]
  0x000001bc5ef73940 JavaThread "Monitor Deflation Thread"   daemon [_thread_blocked, id=5536, stack(0x000000551d200000,0x000000551d300000) (1024K)]
  0x000001bc5ef7fe20 JavaThread "C2 CompilerThread0"         daemon [_thread_in_native, id=11340, stack(0x000000551d300000,0x000000551d400000) (1024K)]
  0x000001bc5ef80d80 JavaThread "C1 CompilerThread0"         daemon [_thread_blocked, id=12816, stack(0x000000551d400000,0x000000551d500000) (1024K)]
  0x000001bc5ef74660 JavaThread "Common-Cleaner"             daemon [_thread_blocked, id=21236, stack(0x000000551d600000,0x000000551d700000) (1024K)]
  0x000001bc5ef71f00 JavaThread "Notification Thread"        daemon [_thread_blocked, id=3628, stack(0x000000551d700000,0x000000551d800000) (1024K)]
=>0x000001bc6506ec40 JavaThread "C2 CompilerThread1"         daemon [_thread_in_native, id=26900, stack(0x000000551d500000,0x000000551d600000) (1024K)]
  0x000001bc650b8920 JavaThread "C2 CompilerThread2"         daemon [_thread_in_native, id=5108, stack(0x000000551d800000,0x000000551d900000) (1024K)]
Total: 13

Other Threads:
  0x000001bc48590980 VMThread "VM Thread"                           [id=27816, stack(0x000000551cc00000,0x000000551cd00000) (1024K)]
  0x000001bc5ee7ca00 WatcherThread "VM Periodic Task Thread"        [id=20808, stack(0x000000551cb00000,0x000000551cc00000) (1024K)]
  0x000001bc4850b140 WorkerThread "GC Thread#0"                     [id=25944, stack(0x000000551ca00000,0x000000551cb00000) (1024K)]
Total: 3

Threads with active compile tasks:
C2 CompilerThread0  1504  983   !   4       java.lang.String::<init> (880 bytes)
C2 CompilerThread1  1504  948       4       java.util.jar.Manifest$FastInputStream::readLine (296 bytes)
C2 CompilerThread2  1504  982   !   4       java.util.jar.Attributes::read (494 bytes)
Total: 3

VM state: not at safepoint (normal execution)

VM Mutex/Monitor currently owned by a thread: None

Heap address: 0x0000000080000000, size: 2048 MB, Compressed Oops mode: 32-bit

CDS archive(s) mapped at: [0x000001bc00000000-0x000001bc00ba0000-0x000001bc00ba0000), size 12189696, SharedBaseAddress: 0x000001bc00000000, ArchiveRelocationMode: 1.
Compressed class space mapped at: 0x000001bc01000000-0x000001bc41000000, reserved size: 1073741824
Narrow klass base: 0x000001bc00000000, Narrow klass shift: 0, Narrow klass range: 0x100000000

GC Precious Log:
 CardTable entry size: 512
 CPUs: 8 total, 8 available
 Memory: 7916M
 Large Page Support: Disabled
 NUMA Support: Disabled
 Compressed Oops: Enabled (32-bit)
 Alignments: Space 512K, Generation 512K, Heap 2M
 Heap Min Capacity: 100M
 Heap Initial Capacity: 100M
 Heap Max Capacity: 2G
 Pre-touch: Disabled
 Parallel Workers: 8

Heap:
 PSYoungGen      total 29696K, used 20458K [0x00000000d5580000, 0x00000000d7680000, 0x0000000100000000)
  eden space 25600K, 79% used [0x00000000d5580000,0x00000000d697a940,0x00000000d6e80000)
  from space 4096K, 0% used [0x00000000d7280000,0x00000000d7280000,0x00000000d7680000)
  to   space 4096K, 0% used [0x00000000d6e80000,0x00000000d6e80000,0x00000000d7280000)
 ParOldGen       total 68608K, used 0K [0x0000000080000000, 0x0000000084300000, 0x00000000d5580000)
  object space 68608K, 0% used [0x0000000080000000,0x0000000080000000,0x0000000084300000)
 Metaspace       used 3577K, committed 3840K, reserved 1114112K
  class space    used 391K, committed 512K, reserved 1048576K

Card table byte_map: [0x000001bc47ec0000,0x000001bc482d0000] _byte_map_base: 0x000001bc47ac0000

Marking Bits: (ParMarkBitMap*) 0x00007ffb31a93450
 Begin Bits: [0x000001bc5a9a0000, 0x000001bc5c9a0000)
 End Bits:   [0x000001bc5c9a0000, 0x000001bc5e9a0000)

Polling page: 0x000001bc47cb0000

Metaspace:

Usage:
  Non-class:      3.11 MB used.
      Class:    391.30 KB used.
       Both:      3.49 MB used.

Virtual space:
  Non-class space:       64.00 MB reserved,       3.25 MB (  5%) committed,  1 nodes.
      Class space:        1.00 GB reserved,     512.00 KB ( <1%) committed,  1 nodes.
             Both:        1.06 GB reserved,       3.75 MB ( <1%) committed. 

Chunk freelists:
   Non-Class:  11.45 MB
       Class:  15.47 MB
        Both:  26.93 MB

MaxMetaspaceSize: unlimited
CompressedClassSpaceSize: 1.00 GB
Initial GC threshold: 21.00 MB
Current GC threshold: 21.00 MB
CDS: on
 - commit_granule_bytes: 65536.
 - commit_granule_words: 8192.
 - virtual_space_node_default_size: 8388608.
 - enlarge_chunks_in_place: 1.
 - use_allocation_guard: 0.


Internal statistics:

num_allocs_failed_limit: 0.
num_arena_births: 170.
num_arena_deaths: 0.
num_vsnodes_births: 2.
num_vsnodes_deaths: 0.
num_space_committed: 60.
num_space_uncommitted: 0.
num_chunks_returned_to_freelist: 0.
num_chunks_taken_from_freelist: 215.
num_chunk_merges: 0.
num_chunk_splits: 140.
num_chunks_enlarged: 77.
num_inconsistent_stats: 0.

CodeHeap 'non-profiled nmethods': size=120000Kb used=382Kb max_used=382Kb free=119617Kb
 bounds [0x000001bc531c0000, 0x000001bc53430000, 0x000001bc5a6f0000]
CodeHeap 'profiled nmethods': size=120000Kb used=1556Kb max_used=1556Kb free=118443Kb
 bounds [0x000001bc4b6f0000, 0x000001bc4b960000, 0x000001bc52c20000]
CodeHeap 'non-nmethods': size=5760Kb used=1192Kb max_used=1208Kb free=4567Kb
 bounds [0x000001bc52c20000, 0x000001bc52e90000, 0x000001bc531c0000]
CodeCache: size=245760Kb, used=3130Kb, max_used=3146Kb, free=242627Kb
 total_blobs=1448, nmethods=997, adapters=358, full_count=0
Compilation: enabled, stopped_count=0, restarted_count=0

Compilation events (20 events):
Event: 1.409 Thread 0x000001bc5ef80d80 nmethod 946 0x000001bc4b85ce90 code [0x000001bc4b85d060, 0x000001bc4b85d1a0]
Event: 1.409 Thread 0x000001bc5ef80d80  951       3       java.util.jar.Attributes::putValue (13 bytes)
Event: 1.409 Thread 0x000001bc5ef80d80 nmethod 951 0x000001bc4b85d290 code [0x000001bc4b85d4c0, 0x000001bc4b85dc98]
Event: 1.409 Thread 0x000001bc5ef80d80  943       1       java.util.jar.Manifest::getEntries (5 bytes)
Event: 1.410 Thread 0x000001bc5ef80d80 nmethod 943 0x000001bc5321bc10 code [0x000001bc5321bda0, 0x000001bc5321be68]
Event: 1.410 Thread 0x000001bc5ef80d80  958       3       java.util.jar.Manifest::getAttributes (14 bytes)
Event: 1.410 Thread 0x000001bc5ef80d80 nmethod 958 0x000001bc4b85df10 code [0x000001bc4b85e0c0, 0x000001bc4b85e3a0]
Event: 1.410 Thread 0x000001bc5ef80d80  959       3       java.util.jar.Attributes::<init> (13 bytes)
Event: 1.410 Thread 0x000001bc5ef80d80 nmethod 959 0x000001bc4b85e490 code [0x000001bc4b85e640, 0x000001bc4b85e800]
Event: 1.410 Thread 0x000001bc5ef80d80  960       3       java.util.LinkedHashMap::newLinkedHashMap (43 bytes)
Event: 1.410 Thread 0x000001bc5ef80d80 nmethod 960 0x000001bc4b85e910 code [0x000001bc4b85eba0, 0x000001bc4b85f3f0]
Event: 1.410 Thread 0x000001bc5ef80d80  961       3       java.util.LinkedHashMap::<init> (16 bytes)
Event: 1.410 Thread 0x000001bc5ef80d80 nmethod 961 0x000001bc4b85f790 code [0x000001bc4b85f960, 0x000001bc4b85fb18]
Event: 1.410 Thread 0x000001bc5ef80d80  962       3       java.util.jar.Manifest::parseName (84 bytes)
Event: 1.411 Thread 0x000001bc5ef80d80 nmethod 962 0x000001bc4b85fc10 code [0x000001bc4b85fe20, 0x000001bc4b860540]
Event: 1.411 Thread 0x000001bc5ef80d80  963       3       java.util.jar.Attributes::size (10 bytes)
Event: 1.411 Thread 0x000001bc5ef80d80 nmethod 963 0x000001bc4b860790 code [0x000001bc4b860940, 0x000001bc4b860b18]
Event: 1.415 Thread 0x000001bc5ef7fe20 nmethod 937 0x000001bc5321bf10 code [0x000001bc5321c160, 0x000001bc5321cad0]
Event: 1.415 Thread 0x000001bc5ef7fe20  965       4       java.util.HashMap::getNode (150 bytes)
Event: 1.419 Thread 0x000001bc5ef7fe20 nmethod 965 0x000001bc5321d210 code [0x000001bc5321d3e0, 0x000001bc5321d760]

GC Heap History (0 events):
No events

Dll operation events (8 events):
Event: 0.086 Loaded shared library c:\Users\Mayur\.vscode\extensions\redhat.java-1.54.0-win32-x64\jre\21.0.10-win32-x86_64\bin\java.dll
Event: 0.215 Loaded shared library c:\Users\Mayur\.vscode\extensions\redhat.java-1.54.0-win32-x64\jre\21.0.10-win32-x86_64\bin\zip.dll
Event: 0.253 Loaded shared library C:\Users\Mayur\.vscode\extensions\redhat.java-1.54.0-win32-x64\jre\21.0.10-win32-x86_64\bin\instrument.dll
Event: 0.261 Loaded shared library C:\Users\Mayur\.vscode\extensions\redhat.java-1.54.0-win32-x64\jre\21.0.10-win32-x86_64\bin\net.dll
Event: 0.267 Loaded shared library C:\Users\Mayur\.vscode\extensions\redhat.java-1.54.0-win32-x64\jre\21.0.10-win32-x86_64\bin\nio.dll
Event: 0.271 Loaded shared library C:\Users\Mayur\.vscode\extensions\redhat.java-1.54.0-win32-x64\jre\21.0.10-win32-x86_64\bin\zip.dll
Event: 0.475 Loaded shared library C:\Users\Mayur\.vscode\extensions\redhat.java-1.54.0-win32-x64\jre\21.0.10-win32-x86_64\bin\jimage.dll
Event: 0.627 Loaded shared library c:\Users\Mayur\.vscode\extensions\redhat.java-1.54.0-win32-x64\jre\21.0.10-win32-x86_64\bin\verify.dll

Deoptimization events (20 events):
Event: 1.143 Thread 0x000001bc484ec5b0 DEOPT PACKING pc=0x000001bc4b7e8e04 sp=0x000000551c9fd4f0
Event: 1.143 Thread 0x000001bc484ec5b0 DEOPT UNPACKING pc=0x000001bc52c74242 sp=0x000000551c9fc948 mode 0
Event: 1.143 Thread 0x000001bc484ec5b0 DEOPT PACKING pc=0x000001bc4b7e8e04 sp=0x000000551c9fd610
Event: 1.143 Thread 0x000001bc484ec5b0 DEOPT UNPACKING pc=0x000001bc52c74242 sp=0x000000551c9fca68 mode 0
Event: 1.143 Thread 0x000001bc484ec5b0 DEOPT PACKING pc=0x000001bc4b7e8e04 sp=0x000000551c9fd610
Event: 1.143 Thread 0x000001bc484ec5b0 DEOPT UNPACKING pc=0x000001bc52c74242 sp=0x000000551c9fca68 mode 0
Event: 1.152 Thread 0x000001bc484ec5b0 Uncommon trap: trap_request=0xffffff6e fr.pc=0x000001bc5320319c relative=0x00000000000001fc
Event: 1.152 Thread 0x000001bc484ec5b0 Uncommon trap: reason=loop_limit_check action=maybe_recompile pc=0x000001bc5320319c method=java.math.BigInteger.implMulAdd([I[IIII)I @ 26 c2
Event: 1.152 Thread 0x000001bc484ec5b0 DEOPT PACKING pc=0x000001bc5320319c sp=0x000000551c9fd6e0
Event: 1.152 Thread 0x000001bc484ec5b0 DEOPT UNPACKING pc=0x000001bc52c73aa2 sp=0x000000551c9fd630 mode 2
Event: 1.253 Thread 0x000001bc484ec5b0 Uncommon trap: trap_request=0xffffff45 fr.pc=0x000001bc53207bac relative=0x000000000000008c
Event: 1.253 Thread 0x000001bc484ec5b0 Uncommon trap: reason=unstable_if action=reinterpret pc=0x000001bc53207bac method=jdk.internal.misc.Unsafe.convEndian(ZI)I @ 4 c2
Event: 1.253 Thread 0x000001bc484ec5b0 DEOPT PACKING pc=0x000001bc53207bac sp=0x000000551c9fda40
Event: 1.253 Thread 0x000001bc484ec5b0 DEOPT UNPACKING pc=0x000001bc52c73aa2 sp=0x000000551c9fd970 mode 2
Event: 1.256 Thread 0x000001bc484ec5b0 Uncommon trap: trap_request=0xffffff45 fr.pc=0x000001bc531ecf60 relative=0x0000000000000600
Event: 1.256 Thread 0x000001bc484ec5b0 Uncommon trap: reason=unstable_if action=reinterpret pc=0x000001bc531ecf60 method=java.lang.AbstractStringBuilder.append(Ljava/lang/String;)Ljava/lang/AbstractStringBuilder; @ 1 c2
Event: 1.256 Thread 0x000001bc484ec5b0 DEOPT PACKING pc=0x000001bc531ecf60 sp=0x000000551c9fdda0
Event: 1.256 Thread 0x000001bc484ec5b0 DEOPT UNPACKING pc=0x000001bc52c73aa2 sp=0x000000551c9fdd30 mode 2
Event: 1.280 Thread 0x000001bc484ec5b0 DEOPT PACKING pc=0x000001bc4b80067b sp=0x000000551c9fd280
Event: 1.280 Thread 0x000001bc484ec5b0 DEOPT UNPACKING pc=0x000001bc52c74242 sp=0x000000551c9fc6f8 mode 0

Classes loaded (20 events):
Event: 1.361 Loading class sun/nio/fs/WindowsFileSystemProvider$1
Event: 1.361 Loading class sun/nio/fs/WindowsFileSystemProvider$1 done
Event: 1.361 Loading class sun/nio/fs/WindowsLinkSupport
Event: 1.362 Loading class sun/nio/fs/WindowsLinkSupport done
Event: 1.362 Loading class sun/nio/fs/WindowsAclFileAttributeView
Event: 1.362 Loading class sun/nio/fs/AbstractAclFileAttributeView
Event: 1.362 Loading class java/nio/file/attribute/AclFileAttributeView
Event: 1.362 Loading class java/nio/file/attribute/FileOwnerAttributeView
Event: 1.362 Loading class java/nio/file/attribute/FileOwnerAttributeView done
Event: 1.362 Loading class java/nio/file/attribute/AclFileAttributeView done
Event: 1.362 Loading class sun/nio/fs/AbstractAclFileAttributeView done
Event: 1.362 Loading class sun/nio/fs/WindowsAclFileAttributeView done
Event: 1.363 Loading class sun/nio/fs/WindowsSecurity
Event: 1.363 Loading class sun/nio/fs/WindowsSecurity done
Event: 1.365 Loading class sun/nio/fs/WindowsFileStore
Event: 1.365 Loading class java/nio/file/FileStore
Event: 1.365 Loading class java/nio/file/FileStore done
Event: 1.365 Loading class sun/nio/fs/WindowsFileStore done
Event: 1.368 Loading class java/net/URLClassLoader$1
Event: 1.368 Loading class java/net/URLClassLoader$1 done

Classes unloaded (0 events):
No events

Classes redefined (0 events):
No events

Internal exceptions (20 events):
Event: 0.559 Thread 0x000001bc484ec5b0 Exception <a 'java/lang/NoSuchMethodError'{0x00000000d59e8090}: 'void java.lang.invoke.DelegatingMethodHandle$Holder.reinvoke_L(java.lang.Object, java.lang.Object, java.lang.Object, int, java.lang.Object)'> (0x00000000d59e8090) 
thrown [s\src\hotspot\share\interpreter\linkResolver.cpp, line 773]
Event: 0.566 Thread 0x000001bc484ec5b0 Exception <a 'java/lang/NoSuchMethodError'{0x00000000d59f89e0}: 'int java.lang.invoke.DirectMethodHandle$Holder.invokeSpecial(java.lang.Object, java.lang.Object, java.lang.Object)'> (0x00000000d59f89e0) 
thrown [s\src\hotspot\share\interpreter\linkResolver.cpp, line 773]
Event: 0.569 Thread 0x000001bc484ec5b0 Exception <a 'java/lang/NoSuchMethodError'{0x00000000d5a046a0}: 'java.lang.Object java.lang.invoke.DirectMethodHandle$Holder.invokeStatic(java.lang.Object, java.lang.Object, int)'> (0x00000000d5a046a0) 
thrown [s\src\hotspot\share\interpreter\linkResolver.cpp, line 773]
Event: 0.571 Thread 0x000001bc484ec5b0 Exception <a 'java/lang/NoSuchMethodError'{0x00000000d5a08ff0}: 'void java.lang.invoke.DirectMethodHandle$Holder.invokeStatic(java.lang.Object, java.lang.Object, int, java.lang.Object)'> (0x00000000d5a08ff0) 
thrown [s\src\hotspot\share\interpreter\linkResolver.cpp, line 773]
Event: 0.573 Thread 0x000001bc484ec5b0 Exception <a 'java/lang/NoSuchMethodError'{0x00000000d5a0cb80}: 'void java.lang.invoke.DirectMethodHandle$Holder.invokeSpecial(java.lang.Object, java.lang.Object, java.lang.Object, int, java.lang.Object)'> (0x00000000d5a0cb80) 
thrown [s\src\hotspot\share\interpreter\linkResolver.cpp, line 773]
Event: 0.574 Thread 0x000001bc484ec5b0 Exception <a 'java/lang/NoSuchMethodError'{0x00000000d5a0fff0}: 'void java.lang.invoke.DelegatingMethodHandle$Holder.delegate(java.lang.Object, java.lang.Object, int, java.lang.Object)'> (0x00000000d5a0fff0) 
thrown [s\src\hotspot\share\interpreter\linkResolver.cpp, line 773]
Event: 0.659 Thread 0x000001bc484ec5b0 Exception <a 'java/lang/NoSuchMethodError'{0x00000000d5bd05f8}: 'void java.lang.invoke.DelegatingMethodHandle$Holder.reinvoke_L(java.lang.Object, java.lang.Object, java.lang.Object, int)'> (0x00000000d5bd05f8) 
thrown [s\src\hotspot\share\interpreter\linkResolver.cpp, line 773]
Event: 0.927 Thread 0x000001bc484ec5b0 Exception <a 'java/lang/NoSuchMethodError'{0x00000000d6061100}: 'void java.lang.invoke.DirectMethodHandle$Holder.invokeVirtual(java.lang.Object, java.lang.Object)'> (0x00000000d6061100) 
thrown [s\src\hotspot\share\interpreter\linkResolver.cpp, line 773]
Event: 1.190 Thread 0x000001bc484ec5b0 Exception <a 'java/lang/NoSuchMethodError'{0x00000000d64338a8}: 'void java.lang.invoke.DirectMethodHandle$Holder.invokeStatic(java.lang.Object, java.lang.Object)'> (0x00000000d64338a8) 
thrown [s\src\hotspot\share\interpreter\linkResolver.cpp, line 773]
Event: 1.201 Thread 0x000001bc484ec5b0 Exception <a 'java/lang/ClassNotFoundException'{0x00000000d645b9a0}: sun/net/www/protocol/c/Handler> (0x00000000d645b9a0) 
thrown [s\src\hotspot\share\classfile\systemDictionary.cpp, line 312]
Event: 1.249 Thread 0x000001bc484ec5b0 Exception <a 'java/io/FileNotFoundException'{0x00000000d64b9170}> (0x00000000d64b9170) 
thrown [s\src\hotspot\share\prims\jni.cpp, line 520]
Event: 1.251 Thread 0x000001bc484ec5b0 Exception <a 'java/io/FileNotFoundException'{0x00000000d64ba498}> (0x00000000d64ba498) 
thrown [s\src\hotspot\share\prims\jni.cpp, line 520]
Event: 1.251 Thread 0x000001bc484ec5b0 Exception <a 'java/io/FileNotFoundException'{0x00000000d64bb110}> (0x00000000d64bb110) 
thrown [s\src\hotspot\share\prims\jni.cpp, line 520]
Event: 1.252 Thread 0x000001bc484ec5b0 Exception <a 'java/io/FileNotFoundException'{0x00000000d64bbc50}> (0x00000000d64bbc50) 
thrown [s\src\hotspot\share\prims\jni.cpp, line 520]
Event: 1.256 Thread 0x000001bc484ec5b0 Implicit null exception at 0x000001bc531ec9a4 to 0x000001bc531ecf48
Event: 1.259 Thread 0x000001bc484ec5b0 Exception <a 'java/io/FileNotFoundException'{0x00000000d64f40a0}> (0x00000000d64f40a0) 
thrown [s\src\hotspot\share\prims\jni.cpp, line 520]
Event: 1.278 Thread 0x000001bc484ec5b0 Exception <a 'java/lang/NoSuchMethodError'{0x00000000d652db40}: 'java.lang.Object java.lang.invoke.DirectMethodHandle$Holder.invokeInterface(java.lang.Object, java.lang.Object)'> (0x00000000d652db40) 
thrown [s\src\hotspot\share\interpreter\linkResolver.cpp, line 773]
Event: 1.283 Thread 0x000001bc484ec5b0 Exception <a 'java/lang/NoSuchMethodError'{0x00000000d65410d0}: 'java.lang.Object java.lang.invoke.Invokers$Holder.invokeExact_MT(java.lang.Object, java.lang.Object, java.lang.Object, java.lang.Object, java.lang.Object, java.lang.Object)'> (0x00000000d65410d0) 
thrown [s\src\hotspot\share\interpreter\linkResolver.cpp, line 773]
Event: 1.288 Thread 0x000001bc484ec5b0 Exception <a 'java/lang/NoSuchMethodError'{0x00000000d65581a8}: 'int java.lang.invoke.DirectMethodHandle$Holder.invokeStatic(java.lang.Object, java.lang.Object, java.lang.Object, java.lang.Object, java.lang.Object)'> (0x00000000d65581a8) 
thrown [s\src\hotspot\share\interpreter\linkResolver.cpp, line 773]
Event: 1.328 Thread 0x000001bc484ec5b0 Exception <a 'java/lang/NoSuchMethodError'{0x00000000d65ec748}: 'java.lang.Object java.lang.invoke.DirectMethodHandle$Holder.invokeInterface(java.lang.Object, java.lang.Object, int)'> (0x00000000d65ec748) 
thrown [s\src\hotspot\share\interpreter\linkResolver.cpp, line 773]

ZGC Phase Switch (0 events):
No events

VM Operations (10 events):
Event: 0.211 Executing non-safepoint VM operation: HandshakeAllThreads (Deoptimize)
Event: 0.211 Executing non-safepoint VM operation: HandshakeAllThreads (Deoptimize) done
Event: 0.505 Executing non-safepoint VM operation: HandshakeAllThreads (Deoptimize)
Event: 0.505 Executing non-safepoint VM operation: HandshakeAllThreads (Deoptimize) done
Event: 1.159 Executing non-safepoint VM operation: HandshakeAllThreads (Deoptimize)
Event: 1.159 Executing non-safepoint VM operation: HandshakeAllThreads (Deoptimize) done
Event: 1.159 Executing safepoint VM operation: Cleanup
Event: 1.159 Executing safepoint VM operation: Cleanup done
Event: 1.177 Executing non-safepoint VM operation: HandshakeAllThreads (Deoptimize)
Event: 1.177 Executing non-safepoint VM operation: HandshakeAllThreads (Deoptimize) done

Memory protections (0 events):
No events

Nmethod flushes (0 events):
No events

Events (17 events):
Event: 0.116 Thread 0x000001bc484ec5b0 Thread added: 0x000001bc484ec5b0
Event: 0.144 Thread 0x000001bc484ec5b0 Thread added: 0x000001bc485ab600
Event: 0.144 Thread 0x000001bc484ec5b0 Thread added: 0x000001bc485ac4c0
Event: 0.144 Thread 0x000001bc484ec5b0 Thread added: 0x000001bc5ef72c20
Event: 0.144 Thread 0x000001bc484ec5b0 Thread added: 0x000001bc5ef72590
Event: 0.144 Thread 0x000001bc484ec5b0 Thread added: 0x000001bc5ef732b0
Event: 0.144 Thread 0x000001bc484ec5b0 Thread added: 0x000001bc5ef73940
Event: 0.144 Thread 0x000001bc484ec5b0 Thread added: 0x000001bc5ef7fe20
Event: 0.145 Thread 0x000001bc484ec5b0 Thread added: 0x000001bc5ef80d80
Event: 0.227 Thread 0x000001bc5ef80d80 Thread added: 0x000001bc609afce0
Event: 0.257 Thread 0x000001bc484ec5b0 Thread added: 0x000001bc5ef74660
Event: 0.451 Thread 0x000001bc609afce0 Thread exited: 0x000001bc609afce0
Event: 0.622 Thread 0x000001bc5ef7fe20 Thread added: 0x000001bc60adfd40
Event: 0.768 Thread 0x000001bc484ec5b0 Thread added: 0x000001bc5ef71f00
Event: 1.086 Thread 0x000001bc60adfd40 Thread exited: 0x000001bc60adfd40
Event: 1.171 Thread 0x000001bc5ef80d80 Thread added: 0x000001bc6506ec40
Event: 1.171 Thread 0x000001bc5ef80d80 Thread added: 0x000001bc650b8920


Dynamic libraries:
0x00007ff614d10000 - 0x00007ff614d1e000 	c:\Users\Mayur\.vscode\extensions\redhat.java-1.54.0-win32-x64\jre\21.0.10-win32-x86_64\bin\java.exe
0x00007ffc31ee0000 - 0x00007ffc32147000 	C:\WINDOWS\SYSTEM32\ntdll.dll
0x00007ffc303f0000 - 0x00007ffc304b9000 	C:\WINDOWS\System32\KERNEL32.DLL
0x00007ffc2ee80000 - 0x00007ffc2f277000 	C:\WINDOWS\System32\KERNELBASE.dll
0x00007ffc2ea40000 - 0x00007ffc2eb8b000 	C:\WINDOWS\System32\ucrtbase.dll
0x00007ffbab190000 - 0x00007ffbab1ae000 	c:\Users\Mayur\.vscode\extensions\redhat.java-1.54.0-win32-x64\jre\21.0.10-win32-x86_64\bin\VCRUNTIME140.dll
0x00007ffbb38a0000 - 0x00007ffbb38b8000 	c:\Users\Mayur\.vscode\extensions\redhat.java-1.54.0-win32-x64\jre\21.0.10-win32-x86_64\bin\jli.dll
0x00007ffc30e00000 - 0x00007ffc30fc6000 	C:\WINDOWS\System32\USER32.dll
0x00007ffc11ba0000 - 0x00007ffc11e32000 	C:\WINDOWS\WinSxS\amd64_microsoft.windows.common-controls_6595b64144ccf1df_6.0.26100.8328_none_3e08182ce334b678\COMCTL32.dll
0x00007ffc2ee50000 - 0x00007ffc2ee77000 	C:\WINDOWS\System32\win32u.dll
0x00007ffc30cf0000 - 0x00007ffc30d99000 	C:\WINDOWS\System32\msvcrt.dll
0x00007ffc30660000 - 0x00007ffc3068b000 	C:\WINDOWS\System32\GDI32.dll
0x00007ffc2e910000 - 0x00007ffc2ea3c000 	C:\WINDOWS\System32\gdi32full.dll
0x00007ffc2ed10000 - 0x00007ffc2edb3000 	C:\WINDOWS\System32\msvcp_win.dll
0x00007ffc2fcc0000 - 0x00007ffc2fcf2000 	C:\WINDOWS\System32\IMM32.DLL
0x00007ffc2bbc0000 - 0x00007ffc2bbcc000 	c:\Users\Mayur\.vscode\extensions\redhat.java-1.54.0-win32-x64\jre\21.0.10-win32-x86_64\bin\vcruntime140_1.dll
0x00007ffb7dec0000 - 0x00007ffb7df4d000 	c:\Users\Mayur\.vscode\extensions\redhat.java-1.54.0-win32-x64\jre\21.0.10-win32-x86_64\bin\msvcp140.dll
0x00007ffb30dd0000 - 0x00007ffb31b71000 	c:\Users\Mayur\.vscode\extensions\redhat.java-1.54.0-win32-x64\jre\21.0.10-win32-x86_64\bin\server\jvm.dll
0x00007ffc2fd70000 - 0x00007ffc2fe26000 	C:\WINDOWS\System32\ADVAPI32.dll
0x00007ffc2feb0000 - 0x00007ffc2ff57000 	C:\WINDOWS\System32\sechost.dll
0x00007ffc31d80000 - 0x00007ffc31e98000 	C:\WINDOWS\System32\RPCRT4.dll
0x00007ffc31cf0000 - 0x00007ffc31d70000 	C:\WINDOWS\System32\WS2_32.dll
0x00007ffc2e6c0000 - 0x00007ffc2e71e000 	C:\WINDOWS\SYSTEM32\POWRPROF.dll
0x00007ffc249d0000 - 0x00007ffc24a06000 	C:\WINDOWS\SYSTEM32\WINMM.dll
0x00007ffc12e70000 - 0x00007ffc12e7b000 	C:\WINDOWS\SYSTEM32\VERSION.dll
0x00007ffc2e5a0000 - 0x00007ffc2e5b4000 	C:\WINDOWS\SYSTEM32\UMPDC.dll
0x00007ffc2d6a0000 - 0x00007ffc2d6bb000 	C:\WINDOWS\SYSTEM32\kernel.appcore.dll
0x00007ffc0a830000 - 0x00007ffc0a83a000 	c:\Users\Mayur\.vscode\extensions\redhat.java-1.54.0-win32-x64\jre\21.0.10-win32-x86_64\bin\jimage.dll
0x00007ffc2be70000 - 0x00007ffc2c0b2000 	C:\WINDOWS\SYSTEM32\DBGHELP.DLL
0x00007ffc30870000 - 0x00007ffc30bf3000 	C:\WINDOWS\System32\combase.dll
0x00007ffc30c00000 - 0x00007ffc30cd9000 	C:\WINDOWS\System32\OLEAUT32.dll
0x00007ffc0a840000 - 0x00007ffc0a87b000 	C:\WINDOWS\SYSTEM32\dbgcore.DLL
0x00007ffc2f280000 - 0x00007ffc2f328000 	C:\WINDOWS\System32\bcryptPrimitives.dll
0x00007ffbf7e40000 - 0x00007ffbf7e4f000 	c:\Users\Mayur\.vscode\extensions\redhat.java-1.54.0-win32-x64\jre\21.0.10-win32-x86_64\bin\instrument.dll
0x00007ffbdddc0000 - 0x00007ffbddde0000 	c:\Users\Mayur\.vscode\extensions\redhat.java-1.54.0-win32-x64\jre\21.0.10-win32-x86_64\bin\java.dll
0x00007ffc31460000 - 0x00007ffc31bce000 	C:\WINDOWS\System32\SHELL32.dll
0x00007ffc2f3f0000 - 0x00007ffc2fc5c000 	C:\WINDOWS\System32\windows.storage.dll
0x00007ffc31350000 - 0x00007ffc31446000 	C:\WINDOWS\System32\SHCORE.dll
0x00007ffc2fd00000 - 0x00007ffc2fd66000 	C:\WINDOWS\System32\shlwapi.dll
0x00007ffc2e830000 - 0x00007ffc2e859000 	C:\WINDOWS\SYSTEM32\profapi.dll
0x00007ffba9510000 - 0x00007ffba9528000 	c:\Users\Mayur\.vscode\extensions\redhat.java-1.54.0-win32-x64\jre\21.0.10-win32-x86_64\bin\zip.dll
0x00007ffc00790000 - 0x00007ffc007a0000 	C:\Users\Mayur\.vscode\extensions\redhat.java-1.54.0-win32-x64\jre\21.0.10-win32-x86_64\bin\net.dll
0x00007ffc1e2d0000 - 0x00007ffc1e3f9000 	C:\WINDOWS\SYSTEM32\WINHTTP.dll
0x00007ffc2dc10000 - 0x00007ffc2dc7c000 	C:\WINDOWS\system32\mswsock.dll
0x00007ffba8c20000 - 0x00007ffba8c36000 	C:\Users\Mayur\.vscode\extensions\redhat.java-1.54.0-win32-x64\jre\21.0.10-win32-x86_64\bin\nio.dll
0x00007ffbf5640000 - 0x00007ffbf5650000 	c:\Users\Mayur\.vscode\extensions\redhat.java-1.54.0-win32-x64\jre\21.0.10-win32-x86_64\bin\verify.dll

JVMTI agents:
c:\Users\Mayur\.vscode\extensions\redhat.java-1.54.0-win32-x64\lombok\lombok-1.18.39-4050.jar path:c:\Users\Mayur\.vscode\extensions\redhat.java-1.54.0-win32-x64\jre\21.0.10-win32-x86_64\bin\instrument.dll, loaded, initialized, instrumentlib options:none

dbghelp: loaded successfully - version: 4.0.5 - missing functions: none
symbol engine: initialized successfully - sym options: 0x614 - pdb path: .;c:\Users\Mayur\.vscode\extensions\redhat.java-1.54.0-win32-x64\jre\21.0.10-win32-x86_64\bin;C:\WINDOWS\SYSTEM32;C:\WINDOWS\WinSxS\amd64_microsoft.windows.common-controls_6595b64144ccf1df_6.0.26100.8328_none_3e08182ce334b678;c:\Users\Mayur\.vscode\extensions\redhat.java-1.54.0-win32-x64\jre\21.0.10-win32-x86_64\bin\server

VM Arguments:
jvm_args: --add-modules=ALL-SYSTEM --add-opens=java.base/java.util=ALL-UNNAMED --add-opens=java.base/java.lang=ALL-UNNAMED --add-opens=java.base/sun.nio.fs=ALL-UNNAMED -Declipse.application=org.eclipse.jdt.ls.core.id1 -Dosgi.bundles.defaultStartLevel=4 -Declipse.product=org.eclipse.jdt.ls.core.product -Djava.import.generatesMetadataFilesAtProjectRoot=false -DDetectVMInstallationsJob.disabled=true -Dfile.encoding=utf8 -XX:+UseParallelGC -XX:GCTimeRatio=4 -XX:AdaptiveSizePolicyWeight=90 -Dsun.zip.disableMemoryMapping=true -Xmx2G -Xms100m -Xlog:disable -javaagent:c:\Users\Mayur\.vscode\extensions\redhat.java-1.54.0-win32-x64\lombok\lombok-1.18.39-4050.jar 
java_command: c:\Users\Mayur\.vscode\extensions\redhat.java-1.54.0-win32-x64\server\plugins\org.eclipse.equinox.launcher_1.7.100.v20251111-0406.jar -configuration c:\Users\Mayur\AppData\Roaming\Code\User\globalStorage\redhat.java\1.54.0\config_ss_win -data c:\Users\Mayur\AppData\Roaming\Code\User\workspaceStorage\2fb7e5749334ab5e897afd4d4fde6b4e\redhat.java\ss_ws --pipe=\\.\pipe\lsp-dc166b8b87297938d02be93b53adf831-sock
java_class_path (initial): c:\Users\Mayur\.vscode\extensions\redhat.java-1.54.0-win32-x64\server\plugins\org.eclipse.equinox.launcher_1.7.100.v20251111-0406.jar
Launcher Type: SUN_STANDARD

[Global flags]
    uintx AdaptiveSizePolicyWeight                 = 90                                        {product} {command line}
     intx CICompilerCount                          = 4                                         {product} {ergonomic}
    uintx GCTimeRatio                              = 4                                         {product} {command line}
   size_t InitialHeapSize                          = 104857600                                 {product} {command line}
   size_t MaxHeapSize                              = 2147483648                                {product} {command line}
   size_t MaxNewSize                               = 715653120                                 {product} {ergonomic}
   size_t MinHeapDeltaBytes                        = 524288                                    {product} {ergonomic}
   size_t MinHeapSize                              = 104857600                                 {product} {command line}
   size_t NewSize                                  = 34603008                                  {product} {ergonomic}
    uintx NonNMethodCodeHeapSize                   = 5839372                                {pd product} {ergonomic}
    uintx NonProfiledCodeHeapSize                  = 122909434                              {pd product} {ergonomic}
   size_t OldSize                                  = 70254592                                  {product} {ergonomic}
    uintx ProfiledCodeHeapSize                     = 122909434                              {pd product} {ergonomic}
    uintx ReservedCodeCacheSize                    = 251658240                              {pd product} {ergonomic}
     bool SegmentedCodeCache                       = true                                      {product} {ergonomic}
   size_t SoftMaxHeapSize                          = 2147483648                             {manageable} {ergonomic}
     bool UseCompressedOops                        = true                           {product lp64_product} {ergonomic}
     bool UseLargePagesIndividualAllocation        = false                                  {pd product} {ergonomic}
     bool UseParallelGC                            = true                                      {product} {command line}

Logging:
Log output configuration:
 #0: stdout all=off uptime,level,tags foldmultilines=false
 #1: stderr all=off uptime,level,tags foldmultilines=false

Release file:
JAVA_VERSION="21.0.10" 
MODULES="java.base java.compiler java.datatransfer java.xml java.prefs java.desktop java.instrument java.logging java.management java.security.sasl java.naming java.rmi java.management.rmi java.net.http java.scripting java.security.jgss java.transaction.xa java.sql java.sql.rowset java.xml.crypto java.se java.smartcardio jdk.accessibility jdk.internal.jvmstat jdk.attach jdk.charsets jdk.internal.opt jdk.zipfs jdk.compiler jdk.crypto.ec jdk.crypto.cryptoki jdk.crypto.mscapi jdk.dynalink jdk.internal.ed jdk.editpad jdk.hotspot.agent jdk.httpserver jdk.internal.le jdk.internal.vm.ci jdk.internal.vm.compiler jdk.internal.vm.compiler.management jdk.jartool jdk.javadoc jdk.jcmd jdk.management jdk.management.agent jdk.jconsole jdk.jdeps jdk.jdwp.agent jdk.jdi jdk.jfr jdk.jshell jdk.jsobject jdk.jstatd jdk.localedata jdk.management.jfr jdk.naming.dns jdk.naming.rmi jdk.net jdk.nio.mapmode jdk.random jdk.sctp jdk.security.auth jdk.security.jgss jdk.unsupported jdk.unsupported.desktop jdk.xml.dom" 

Environment Variables:
JAVA_HOME=C:\Program Files\Eclipse Adoptium\jdk-17.0.12.7-hotspot\
PATH=C:\Users\Mayur\AppData\Local\Programs\Microsoft VS Code;C:\Program Files\Python311\Scripts\;C:\Program Files\Python311\;C:\Program Files (x86)\Common Files\Oracle\Java\java8path;C:\Program Files (x86)\Common Files\Oracle\Java\javapath;C:\Program Files\Eclipse Adoptium\jdk-17.0.12.7-hotspot\bin;C:\WINDOWS\system32;C:\WINDOWS;C:\WINDOWS\System32\Wbem;C:\WINDOWS\System32\WindowsPowerShell\v1.0\;C:\WINDOWS\System32\OpenSSH\;C:\Program Files\nodejs\;C:\Program Files\dotnet\;C:\MinGW\bin;C:\Program Files\Git\cmd;C:\Users\Mayur\scoop\apps\python313\current\Scripts;C:\Users\Mayur\scoop\apps\python313\current;C:\Users\Mayur\scoop\apps\git\current\bin;C:\Users\Mayur\scoop\shims;C:\Program Files\MySQL\MySQL Shell 8.0\bin\;C:\Users\Mayur\AppData\Local\Microsoft\WindowsApps;C:\Users\Mayur\AppData\Local\Programs\Microsoft VS Code\bin;C:\Program Files\MySQL\MySQL Server 8.0\bin;C:\Users\Mayur\AppData\Roaming\npm;C:\Users\Mayur\AppData\Local\Programs\cursor\resources\app\bin;C:\Users\Mayur\AppData\Local\Programs\Antigravity IDE\bin;C:\Users\Mayur\AppData\Local\Programs\Windsurf\bin
USERNAME=Mayur
OS=Windows_NT
PROCESSOR_IDENTIFIER=Intel64 Family 6 Model 154 Stepping 4, GenuineIntel
TMP=C:\Users\Mayur\AppData\Local\Temp
TEMP=C:\Users\Mayur\AppData\Local\Temp




Periodic native trim disabled

---------------  S Y S T E M  ---------------

OS:
 Windows 11 , 64 bit Build 26100 (10.0.26100.8328)
OS uptime: 0 days 5:25 hours
Hyper-V role detected

CPU: total 8 (initial active 8) (4 cores per cpu, 2 threads per core) family 6 model 154 stepping 4 microcode 0x437, cx8, cmov, fxsr, ht, mmx, 3dnowpref, sse, sse2, sse3, ssse3, sse4.1, sse4.2, popcnt, lzcnt, tsc, tscinvbit, avx, avx2, aes, erms, clmul, bmi1, bmi2, adx, sha, fma, vzeroupper, clflush, clflushopt, clwb, hv, serialize, rdtscp, rdpid, fsrm, f16c, cet_ibt, cet_ss
Processor Information for processor 0
  Max Mhz: 1200, Current Mhz: 1200, Mhz Limit: 1200
Processor Information for processor 1
  Max Mhz: 1200, Current Mhz: 1200, Mhz Limit: 1200
Processor Information for processor 2
  Max Mhz: 1200, Current Mhz: 1200, Mhz Limit: 1200
Processor Information for processor 3
  Max Mhz: 1200, Current Mhz: 1200, Mhz Limit: 1200
Processor Information for processor 4
  Max Mhz: 900, Current Mhz: 900, Mhz Limit: 900
Processor Information for processor 5
  Max Mhz: 900, Current Mhz: 900, Mhz Limit: 900
Processor Information for processor 6
  Max Mhz: 900, Current Mhz: 900, Mhz Limit: 900
Processor Information for processor 7
  Max Mhz: 900, Current Mhz: 900, Mhz Limit: 900

Memory: 4k page, system-wide physical 7916M (611M free)
TotalPageFile size 22342M (AvailPageFile size 5M)
current process WorkingSet (physical memory assigned to process): 70M, peak: 70M
current process commit charge ("private bytes"): 232M, peak: 233M

vm_info: OpenJDK 64-Bit Server VM (21.0.10+7-LTS) for windows-amd64 JRE (21.0.10+7-LTS), built on 2026-01-20T00:00:00Z by "admin" with MS VC++ 17.12 (VS2022)

END.
